This file contains any messages produced by compilers while
running configure, to aid debugging if configure makes a mistake.

It was created by karmen configure 0.15, which was
generated by GNU Autoconf 2.69.  Invocation command line was

  $ ./configure --no-create --no-recursion

## --------- ##
## Platform. ##
## --------- ##

hostname = debian
uname -m = x86_64
uname -r = 4.14.212-rt101-ARM-BUILD
uname -s = Linux
uname -v = #2 SMP PREEMPT RT Sun Dec 13 08:08:58 WIB 2020

/usr/bin/uname -p = unknown
/bin/uname -X     = unknown

/bin/arch              = x86_64
/usr/bin/arch -k       = unknown
/usr/convex/getsysinfo = unknown
/usr/bin/hostinfo      = unknown
/bin/machine           = unknown
/usr/bin/oslevel       = unknown
/bin/universe          = unknown

PATH: /usr/local/bin
PATH: /usr/bin
PATH: /bin
PATH: /usr/local/games
PATH: /usr/games
PATH: /home/sutopo/bin


## ----------- ##
## Core tests. ##
## ----------- ##

configure:2013: checking for a BSD-compatible install
configure:2081: result: /usr/bin/install -c
configure:2092: checking whether build environment is sane
configure:2147: result: yes
configure:2183: WARNING: 'missing' script is too old or missing
configure:2296: checking for a thread-safe mkdir -p
configure:2335: result: /usr/bin/mkdir -p
configure:2342: checking for gawk
configure:2358: found /usr/bin/gawk
configure:2369: result: gawk
configure:2380: checking whether make sets $(MAKE)
configure:2402: result: yes
configure:2431: checking whether make supports nested variables
configure:2448: result: yes
configure:2623: checking for gcc
configure:2639: found /usr/bin/gcc
configure:2650: result: gcc
configure:2879: checking for C compiler version
configure:2888: gcc --version >&5
gcc (Debian 8.3.0-6) 8.3.0
Copyright (C) 2018 Free Software Foundation, Inc.
This is free software; see the source for copying conditions.  There is NO
warranty; not even for MERCHANTABILITY or FITNESS FOR A PARTICULAR PURPOSE.

configure:2899: $? = 0
configure:2888: gcc -v >&5
Using built-in specs.
COLLECT_GCC=gcc
COLLECT_LTO_WRAPPER=/usr/lib/gcc/x86_64-linux-gnu/8/lto-wrapper
OFFLOAD_TARGET_NAMES=nvptx-none
OFFLOAD_TARGET_DEFAULT=1
Target: x86_64-linux-gnu
Configured with: ../src/configure -v --with-pkgversion='Debian 8.3.0-6' --with-bugurl=file:///usr/share/doc/gcc-8/README.Bugs --enable-languages=c,ada,c++,go,brig,d,fortran,objc,obj-c++ --prefix=/usr --with-gcc-major-version-only --program-suffix=-8 --program-prefix=x86_64-linux-gnu- --enable-shared --enable-linker-build-id --libexecdir=/usr/lib --without-included-gettext --enable-threads=posix --libdir=/usr/lib --enable-nls --enable-bootstrap --enable-clocale=gnu --enable-libstdcxx-debug --enable-libstdcxx-time=yes --with-default-libstdcxx-abi=new --enable-gnu-unique-object --disable-vtable-verify --enable-libmpx --enable-plugin --enable-default-pie --with-system-zlib --with-target-system-zlib --enable-objc-gc=auto --enable-multiarch --disable-werror --with-arch-32=i686 --with-abi=m64 --with-multilib-list=m32,m64,mx32 --enable-multilib --with-tune=generic --enable-offload-targets=nvptx-none --without-cuda-driver --enable-checking=release --build=x86_64-linux-gnu --host=x86_64-linux-gnu --target=x86_64-linux-gnu
Thread model: posix
gcc version 8.3.0 (Debian 8.3.0-6) 
configure:2899: $? = 0
configure:2888: gcc -V >&5
gcc: error: unrecognized command line option '-V'
gcc: fatal error: no input files
compilation terminated.
configure:2899: $? = 1
configure:2888: gcc -qversion >&5
gcc: error: unrecognized command line option '-qversion'; did you mean '--version'?
gcc: fatal error: no input files
compilation terminated.
configure:2899: $? = 1
configure:2919: checking whether the C compiler works
configure:2941: gcc    conftest.c  >&5
configure:2945: $? = 0
configure:2993: result: yes
configure:2996: checking for C compiler default output file name
configure:2998: result: a.out
configure:3004: checking for suffix of executables
configure:3011: gcc -o conftest    conftest.c  >&5
configure:3015: $? = 0
configure:3037: result: 
configure:3059: checking whether we are cross compiling
configure:3067: gcc -o conftest    conftest.c  >&5
configure:3071: $? = 0
configure:3078: ./conftest
configure:3082: $? = 0
configure:3070: result: no
configure:3075: checking for suffix of object files
configure:3097: gcc -c   conftest.c >&5
configure:3101: $? = 0
configure:3122: result: o
configure:3126: checking whether we are using the GNU C compiler
configure:3145: gcc -c   conftest.c >&5
configure:3145: $? = 0
configure:3154: result: yes
configure:3163: checking whether gcc accepts -g
configure:3183: gcc -c -g  conftest.c >&5
configure:3183: $? = 0
configure:3224: result: yes
configure:3241: checking for gcc option to accept ISO C89
configure:3304: gcc  -c -g -O2  conftest.c >&5
configure:3304: $? = 0
configure:3317: result: none needed
configure:3342: checking whether gcc understands -c and -o together
configure:3364: gcc -c conftest.c -o conftest2.o
configure:3367: $? = 0
configure:3364: gcc -c conftest.c -o conftest2.o
configure:3367: $? = 0
configure:3379: result: yes
configure:3399: checking whether make supports the include directive
configure:3414: make -f confmf.GNU && cat confinc.out
make[1]: Entering directory '/home/sutopo/source/karmen'
make[1]: Leaving directory '/home/sutopo/source/karmen'
this is the am__doit target
configure:3417: $? = 0
configure:3436: result: yes (GNU style)
configure:3461: checking dependency style of gcc
configure:3572: result: gcc3
configure:3594: checking how to run the C preprocessor
configure:3625: gcc -E  conftest.c
configure:3625: $? = 0
configure:3639: gcc -E  conftest.c
conftest.c:11:10: fatal error: ac_nonexistent.h: No such file or directory
 #include <ac_nonexistent.h>
          ^~~~~~~~~~~~~~~~~~
compilation terminated.
configure:3639: $? = 1
configure: failed program was:
| /* confdefs.h */
| #define PACKAGE_NAME "karmen"
| #define PACKAGE_TARNAME "karmen"
| #define PACKAGE_VERSION "0.15"
| #define PACKAGE_STRING "karmen 0.15"
| #define PACKAGE_BUGREPORT "veenhuizen@users.sourceforge.net"
| #define PACKAGE_URL ""
| #define PACKAGE "karmen"
| #define VERSION "0.15"
| /* end confdefs.h.  */
| #include <ac_nonexistent.h>
configure:3664: result: gcc -E
configure:3684: gcc -E  conftest.c
configure:3684: $? = 0
configure:3698: gcc -E  conftest.c
conftest.c:11:10: fatal error: ac_nonexistent.h: No such file or directory
 #include <ac_nonexistent.h>
          ^~~~~~~~~~~~~~~~~~
compilation terminated.
configure:3698: $? = 1
configure: failed program was:
| /* confdefs.h */
| #define PACKAGE_NAME "karmen"
| #define PACKAGE_TARNAME "karmen"
| #define PACKAGE_VERSION "0.15"
| #define PACKAGE_STRING "karmen 0.15"
| #define PACKAGE_BUGREPORT "veenhuizen@users.sourceforge.net"
| #define PACKAGE_URL ""
| #define PACKAGE "karmen"
| #define VERSION "0.15"
| /* end confdefs.h.  */
| #include <ac_nonexistent.h>
configure:3727: checking for X
configure:3835: gcc -E  conftest.c
configure:3835: $? = 0
configure:3866: gcc -o conftest -g -O2   conftest.c -lX11  >&5
configure:3866: $? = 0
configure:3916: result: libraries , headers 
configure:4015: gcc -o conftest -g -O2   conftest.c   -lX11 >&5
configure:4015: $? = 0
configure:4113: checking for gethostbyname
configure:4113: gcc -o conftest -g -O2   conftest.c  >&5
configure:4113: $? = 0
configure:4113: result: yes
configure:4210: checking for connect
configure:4210: gcc -o conftest -g -O2   conftest.c  >&5
configure:4210: $? = 0
configure:4210: result: yes
configure:4259: checking for remove
configure:4259: gcc -o conftest -g -O2   conftest.c  >&5
configure:4259: $? = 0
configure:4259: result: yes
configure:4308: checking for shmat
configure:4308: gcc -o conftest -g -O2   conftest.c  >&5
configure:4308: $? = 0
configure:4308: result: yes
configure:4366: checking for IceConnectionNumber in -lICE
configure:4391: gcc -o conftest -g -O2   conftest.c -lICE   >&5
configure:4391: $? = 0
configure:4400: result: yes
configure:4570: checking that generated files are newer than configure
configure:4576: result: done
configure:4603: creating ./config.status

## ---------------- ##
## Cache variables. ##
## ---------------- ##

ac_cv_c_compiler_gnu=yes
ac_cv_env_CC_set=
ac_cv_env_CC_value=
ac_cv_env_CFLAGS_set=
ac_cv_env_CFLAGS_value=
ac_cv_env_CPPFLAGS_set=
ac_cv_env_CPPFLAGS_value=
ac_cv_env_CPP_set=
ac_cv_env_CPP_value=
ac_cv_env_LDFLAGS_set=
ac_cv_env_LDFLAGS_value=
ac_cv_env_LIBS_set=
ac_cv_env_LIBS_value=
ac_cv_env_XMKMF_set=
ac_cv_env_XMKMF_value=
ac_cv_env_build_alias_set=
ac_cv_env_build_alias_value=
ac_cv_env_host_alias_set=
ac_cv_env_host_alias_value=
ac_cv_env_target_alias_set=
ac_cv_env_target_alias_value=
ac_cv_func_connect=yes
ac_cv_func_gethostbyname=yes
ac_cv_func_remove=yes
ac_cv_func_shmat=yes
ac_cv_have_x='have_x=yes	ac_x_includes='\'''\''	ac_x_libraries='\'''\'''
ac_cv_lib_ICE_IceConnectionNumber=yes
ac_cv_objext=o
ac_cv_path_install='/usr/bin/install -c'
ac_cv_path_mkdir=/usr/bin/mkdir
ac_cv_prog_AWK=gawk
ac_cv_prog_CPP='gcc -E'
ac_cv_prog_ac_ct_CC=gcc
ac_cv_prog_cc_c89=
ac_cv_prog_cc_g=yes
ac_cv_prog_make_make_set=yes
am_cv_CC_dependencies_compiler_type=gcc3
am_cv_make_support_nested_variables=yes
am_cv_prog_cc_c_o=yes

## ----------------- ##
## Output variables. ##
## ----------------- ##

ACLOCAL='aclocal-1.16'
AMDEPBACKSLASH='\'
AMDEP_FALSE='#'
AMDEP_TRUE=''
AMTAR='$${TAR-tar}'
AM_BACKSLASH='\'
AM_DEFAULT_V='$(AM_DEFAULT_VERBOSITY)'
AM_DEFAULT_VERBOSITY='1'
AM_V='$(V)'
AUTOCONF='autoconf'
AUTOHEADER='autoheader'
AUTOMAKE='automake-1.16'
AWK='gawk'
CC='gcc'
CCDEPMODE='depmode=gcc3'
CFLAGS='-g -O2'
CONFIG_EWMH_FALSE='#'
CONFIG_EWMH_TRUE=''
CPP='gcc -E'
CPPFLAGS=''
CYGPATH_W='echo'
DEFS='-DPACKAGE_NAME=\"karmen\" -DPACKAGE_TARNAME=\"karmen\" -DPACKAGE_VERSION=\"0.15\" -DPACKAGE_STRING=\"karmen\ 0.15\" -DPACKAGE_BUGREPORT=\"veenhuizen@users.sourceforge.net\" -DPACKAGE_URL=\"\" -DPACKAGE=\"karmen\" -DVERSION=\"0.15\"'
DEPDIR='.deps'
ECHO_C=''
ECHO_N='-n'
ECHO_T=''
EXEEXT=''
INSTALL_DATA='${INSTALL} -m 644'
INSTALL_PROGRAM='${INSTALL}'
INSTALL_SCRIPT='${INSTALL}'
INSTALL_STRIP_PROGRAM='$(install_sh) -c -s'
LDFLAGS=''
LIBOBJS=''
LIBS=''
LTLIBOBJS=''
MAKEINFO='makeinfo'
MKDIR_P='/usr/bin/mkdir -p'
OBJEXT='o'
PACKAGE='karmen'
PACKAGE_BUGREPORT='veenhuizen@users.sourceforge.net'
PACKAGE_NAME='karmen'
PACKAGE_STRING='karmen 0.15'
PACKAGE_TARNAME='karmen'
PACKAGE_URL=''
PACKAGE_VERSION='0.15'
PATH_SEPARATOR=':'
SET_MAKE=''
SHELL='/bin/sh'
STRIP=''
VERSION='0.15'
XMKMF=''
X_CFLAGS=''
X_EXTRA_LIBS=''
X_LIBS=''
X_PRE_LIBS=' -lSM -lICE'
ac_ct_CC='gcc'
am__EXEEXT_FALSE=''
am__EXEEXT_TRUE='#'
am__fastdepCC_FALSE='#'
am__fastdepCC_TRUE=''
am__include='include'
am__isrc=''
am__leading_dot='.'
am__nodep='_no'
am__quote=''
am__tar='$${TAR-tar} chof - "$$tardir"'
am__untar='$${TAR-tar} xf -'
bindir='${exec_prefix}/bin'
build_alias=''
datadir='${datarootdir}'
datarootdir='${prefix}/share'
docdir='${datarootdir}/doc/${PACKAGE_TARNAME}'
dvidir='${docdir}'
exec_prefix='${prefix}'
host_alias=''
htmldir='${docdir}'
includedir='${prefix}/include'
infodir='${datarootdir}/info'
install_sh='${SHELL} /home/sutopo/source/karmen/install-sh'
libdir='${exec_prefix}/lib'
libexecdir='${exec_prefix}/libexec'
localedir='${datarootdir}/locale'
localstatedir='${prefix}/var'
mandir='${datarootdir}/man'
mkdir_p='$(MKDIR_P)'
oldincludedir='/usr/include'
pdfdir='${docdir}'
prefix='/usr/local'
program_transform_name='s,x,x,'
psdir='${docdir}'
runstatedir='${localstatedir}/run'
sbindir='${exec_prefix}/sbin'
sharedstatedir='${prefix}/com'
sysconfdir='${prefix}/etc'
target_alias=''

## ----------- ##
## confdefs.h. ##
## ----------- ##

/* confdefs.h */
#define PACKAGE_NAME "karmen"
#define PACKAGE_TARNAME "karmen"
#define PACKAGE_VERSION "0.15"
#define PACKAGE_STRING "karmen 0.15"
#define PACKAGE_BUGREPORT "veenhuizen@users.sourceforge.net"
#define PACKAGE_URL ""
#define PACKAGE "karmen"
#define VERSION "0.15"

configure: exit 0

## ---------------------- ##
## Running config.status. ##
## ---------------------- ##

This file was extended by karmen config.status 0.15, which was
generated by GNU Autoconf 2.69.  Invocation command line was

  CONFIG_FILES    = 
  CONFIG_HEADERS  = 
  CONFIG_LINKS    = 
  CONFIG_COMMANDS = 
  $ ./config.status 

on debian

config.status:778: creating Makefile
config.status:778: creating src/Makefile
config.status:950: executing depfiles commands
config.status:1027: cd src       && sed -e '/# am--include-marker/d' Makefile         | make -f - am--depfiles
make[1]: Entering directory '/home/sutopo/source/karmen/src'
make[1]: Nothing to be done for 'am--depfiles'.
make[1]: Leaving directory '/home/sutopo/source/karmen/src'
config.status:1032: $? = 0
